2025-05-24 19:01:01,960 - INFO - === Начало процесса загрузки ===
2025-05-24 19:01:01,960 - INFO - Начало загрузки: main_package.zip
2025-05-24 19:01:01,960 - INFO - Размер файла: 45.00 MB
2025-05-24 19:01:10,858 - INFO - Проверка целостности: main_package.zip
2025-05-24 19:01:12,209 - INFO - Начало загрузки: dependencies.tar.gz
2025-05-24 19:01:12,210 - INFO - Размер файла: 25.00 MB
2025-05-24 19:01:17,403 - INFO - Проверка целостности: dependencies.tar.gz
2025-05-24 19:01:18,172 - INFO - Начало загрузки: resources.bundle
2025-05-24 19:01:18,172 - INFO - Размер файла: 30.00 MB
2025-05-24 19:01:24,316 - INFO - Проверка целостности: resources.bundle
2025-05-24 19:01:24,932 - INFO - === Загрузка завершена за 22.97 секунд ===
2025-05-24 19:02:26,669 - INFO - === Начало процесса загрузки ===
2025-05-24 19:02:26,669 - INFO - Начало загрузки: main_package.zip
2025-05-24 19:02:26,669 - INFO - Размер файла: 45.00 MB
2025-05-24 19:02:35,672 - INFO - Проверка целостности: main_package.zip
2025-05-24 19:02:36,887 - INFO - Начало загрузки: dependencies.tar.gz
2025-05-24 19:02:36,887 - INFO - Размер файла: 25.00 MB
2025-05-24 19:02:41,888 - INFO - Проверка целостности: dependencies.tar.gz
2025-05-24 19:02:43,126 - INFO - Начало загрузки: resources.bundle
2025-05-24 19:02:43,127 - INFO - Размер файла: 30.00 MB
2025-05-24 19:02:48,892 - INFO - Проверка целостности: resources.bundle
2025-05-24 19:02:49,527 - INFO - === Загрузка завершена за 22.86 секунд ===
2025-05-24 19:07:34,408 - INFO - === Начало процесса загрузки ===
2025-05-24 19:07:34,409 - INFO - Начало загрузки: main_package.zip
2025-05-24 19:07:34,409 - INFO - Размер файла: 45.00 MB
2025-05-24 19:07:43,070 - INFO - Проверка целостности: main_package.zip
2025-05-24 19:07:43,744 - INFO - Начало загрузки: dependencies.tar.gz
2025-05-24 19:07:43,744 - INFO - Размер файла: 25.00 MB
2025-05-24 19:07:49,286 - INFO - Проверка целостности: dependencies.tar.gz
2025-05-24 19:07:50,184 - INFO - Начало загрузки: resources.bundle
2025-05-24 19:07:50,184 - INFO - Размер файла: 30.00 MB
2025-05-24 19:07:56,267 - INFO - Проверка целостности: resources.bundle
2025-05-24 19:07:57,038 - WARNING - ! Требуется повторная загрузка: resources.bundle
2025-05-24 19:07:57,038 - INFO - Начало загрузки: resources.bundle
2025-05-24 19:07:57,038 - INFO - Размер файла: 30.00 MB
2025-05-24 19:08:03,124 - INFO - === Загрузка завершена за 28.72 секунд ===
2025-05-24 19:08:53,848 - INFO - === Начало процесса загрузки ===
2025-05-24 19:08:53,848 - INFO - Начало загрузки: main_package.zip
2025-05-24 19:08:53,849 - INFO - Размер файла: 450.00 MB
2025-05-24 19:14:31,621 - INFO - Проверка целостности: main_package.zip
2025-05-24 19:14:34,596 - INFO - Начало загрузки: dependencies.tar.gz
2025-05-24 19:14:34,596 - INFO - Размер файла: 250.00 MB
2025-05-24 19:17:43,813 - INFO - Проверка целостности: dependencies.tar.gz
2025-05-24 19:17:46,508 - INFO - Начало загрузки: resources.bundle
2025-05-24 19:17:46,509 - INFO - Размер файла: 300.00 MB
2025-05-24 19:21:36,046 - INFO - Проверка целостности: resources.bundle
2025-05-24 19:21:38,991 - INFO - === Загрузка завершена за 765.14 секунд ===
2025-05-25 16:10:10,829 - INFO - === Начало процесса загрузки ===
2025-05-25 16:10:10,831 - INFO - Начало загрузки: main_package.zip
2025-05-25 16:10:10,831 - INFO - Размер файла: 4.39 GB
2025-05-25 16:11:35,512 - INFO - === Начало процесса загрузки ===
2025-05-25 16:11:35,512 - INFO - Начало загрузки: main_package.zip
2025-05-25 16:11:35,512 - INFO - Размер файла: 4.39 GB
2025-05-25 16:11:53,718 - INFO - === Начало процесса загрузки ===
2025-05-25 16:11:53,718 - INFO - Начало загрузки: main_package.zip
2025-05-25 16:11:53,718 - INFO - Размер файла: 4.39 GB
2025-05-25 16:17:33,766 - INFO - Проверка целостности: main_package.zip
2025-05-25 16:17:36,693 - INFO - Начало загрузки: dependencies.tar.gz
2025-05-25 16:17:36,693 - INFO - Размер файла: 2.44 GB
2025-05-25 16:20:40,478 - INFO - Проверка целостности: dependencies.tar.gz
2025-05-25 16:20:42,854 - INFO - Начало загрузки: resources.bundle
2025-05-25 16:20:42,856 - INFO - Размер файла: 300.00 MB
2025-05-25 16:21:05,389 - INFO - Проверка целостности: resources.bundle
2025-05-25 16:21:08,254 - INFO - === Загрузка завершена за 554.54 секунд ===
2025-05-25 16:23:17,205 - INFO - === Начало процесса загрузки ===
2025-05-25 16:23:17,205 - INFO - Начало загрузки: main_package.zip
2025-05-25 16:23:17,205 - INFO - Размер файла: 4.39 GB
2025-05-25 16:23:31,849 - INFO - === Начало процесса загрузки ===
2025-05-25 16:23:31,849 - INFO - Начало загрузки: main_package.zip
2025-05-25 16:23:31,849 - INFO - Размер файла: 4.39 GB
2025-05-25 16:23:34,725 - INFO - Проверка целостности: main_package.zip
2025-05-25 16:23:37,274 - INFO - Начало загрузки: dependencies.tar.gz
2025-05-25 16:23:37,274 - INFO - Размер файла: 2.44 GB
2025-05-25 16:23:38,814 - INFO - Проверка целостности: dependencies.tar.gz
2025-05-25 16:23:41,083 - INFO - Начало загрузки: resources.bundle
2025-05-25 16:23:41,084 - INFO - Размер файла: 300.00 MB
2025-05-25 16:23:41,084 - INFO - Проверка целостности: resources.bundle
2025-05-25 16:23:43,317 - INFO - === Загрузка завершена за 11.47 секунд ===
2025-05-25 16:23:46,795 - INFO - === Начало процесса загрузки ===
2025-05-25 16:23:46,795 - INFO - Начало загрузки: main_package.zip
2025-05-25 16:23:46,796 - INFO - Размер файла: 4.39 GB
